This is pdfTeX, Version 3.14159265-2.6-1.40.18 (MiKTeX 2.9.6300 64-bit) (preloaded format=pdflatex 2017.5.8)  31 OCT 2017 15:28
entering extended mode
**./appendix2.tex
(appendix2.tex
LaTeX2e <2017-04-15>
Babel <3.9r> and hyphenation patterns for 75 language(s) loaded.
! Undefined control sequence.
l.3 \definecolor
                {mGreen}{rgb}{0,0.6,0}
The control sequence at the end of the top line
of your error message was never \def'ed. If you have
misspelled it (e.g., `\hobx'), type `I' and the correct
spelling (e.g., `I\hbox'). Otherwise just continue,
and I'll forget about whatever was undefined.


! LaTeX Error: Missing \begin{document}.

See the LaTeX manual or LaTeX Companion for explanation.
Type  H <return>  for immediate help.
 ...                                              
                                                  
l.3 \definecolor{m
                  Green}{rgb}{0,0.6,0}
You're in trouble here.  Try typing  <return>  to proceed.
If that doesn't work, type  X <return>  to quit.

Missing character: There is no m in font nullfont!
Missing character: There is no G in font nullfont!
Missing character: There is no r in font nullfont!
Missing character: There is no e in font nullfont!
Missing character: There is no e in font nullfont!
Missing character: There is no n in font nullfont!
Missing character: There is no r in font nullfont!
Missing character: There is no g in font nullfont!
Missing character: There is no b in font nullfont!
Missing character: There is no 0 in font nullfont!
Missing character: There is no , in font nullfont!
Missing character: There is no 0 in font nullfont!
Missing character: There is no . in font nullfont!
Missing character: There is no 6 in font nullfont!
Missing character: There is no , in font nullfont!
Missing character: There is no 0 in font nullfont!
! Undefined control sequence.
l.4 \definecolor
                {mGray}{rgb}{0.5,0.5,0.5}
The control sequence at the end of the top line
of your error message was never \def'ed. If you have
misspelled it (e.g., `\hobx'), type `I' and the correct
spelling (e.g., `I\hbox'). Otherwise just continue,
and I'll forget about whatever was undefined.

Missing character: There is no m in font nullfont!
Missing character: There is no G in font nullfont!
Missing character: There is no r in font nullfont!
Missing character: There is no a in font nullfont!
Missing character: There is no y in font nullfont!
Missing character: There is no r in font nullfont!
Missing character: There is no g in font nullfont!
Missing character: There is no b in font nullfont!
Missing character: There is no 0 in font nullfont!
Missing character: There is no . in font nullfont!
Missing character: There is no 5 in font nullfont!
Missing character: There is no , in font nullfont!
Missing character: There is no 0 in font nullfont!
Missing character: There is no . in font nullfont!
Missing character: There is no 5 in font nullfont!
Missing character: There is no , in font nullfont!
Missing character: There is no 0 in font nullfont!
Missing character: There is no . in font nullfont!
Missing character: There is no 5 in font nullfont!
! Undefined control sequence.
l.5 \definecolor
                {mPurple}{rgb}{0.58,0,0.82}
The control sequence at the end of the top line
of your error message was never \def'ed. If you have
misspelled it (e.g., `\hobx'), type `I' and the correct
spelling (e.g., `I\hbox'). Otherwise just continue,
and I'll forget about whatever was undefined.

Missing character: There is no m in font nullfont!
Missing character: There is no P in font nullfont!
Missing character: There is no u in font nullfont!
Missing character: There is no r in font nullfont!
Missing character: There is no p in font nullfont!
Missing character: There is no l in font nullfont!
Missing character: There is no e in font nullfont!
Missing character: There is no r in font nullfont!
Missing character: There is no g in font nullfont!
Missing character: There is no b in font nullfont!
Missing character: There is no 0 in font nullfont!
Missing character: There is no . in font nullfont!
Missing character: There is no 5 in font nullfont!
Missing character: There is no 8 in font nullfont!
Missing character: There is no , in font nullfont!
Missing character: There is no 0 in font nullfont!
Missing character: There is no , in font nullfont!
Missing character: There is no 0 in font nullfont!
Missing character: There is no . in font nullfont!
Missing character: There is no 8 in font nullfont!
Missing character: There is no 2 in font nullfont!
! Undefined control sequence.
l.6 \definecolor
                {backgroundColour}{rgb}{0.95,0.95,0.92}
The control sequence at the end of the top line
of your error message was never \def'ed. If you have
misspelled it (e.g., `\hobx'), type `I' and the correct
spelling (e.g., `I\hbox'). Otherwise just continue,
and I'll forget about whatever was undefined.

Missing character: There is no b in font nullfont!
Missing character: There is no a in font nullfont!
Missing character: There is no c in font nullfont!
Missing character: There is no k in font nullfont!
Missing character: There is no g in font nullfont!
Missing character: There is no r in font nullfont!
Missing character: There is no o in font nullfont!
Missing character: There is no u in font nullfont!
Missing character: There is no n in font nullfont!
Missing character: There is no d in font nullfont!
Missing character: There is no C in font nullfont!
Missing character: There is no o in font nullfont!
Missing character: There is no l in font nullfont!
Missing character: There is no o in font nullfont!
Missing character: There is no u in font nullfont!
Missing character: There is no r in font nullfont!
Missing character: There is no r in font nullfont!
Missing character: There is no g in font nullfont!
Missing character: There is no b in font nullfont!
Missing character: There is no 0 in font nullfont!
Missing character: There is no . in font nullfont!
Missing character: There is no 9 in font nullfont!
Missing character: There is no 5 in font nullfont!
Missing character: There is no , in font nullfont!
Missing character: There is no 0 in font nullfont!
Missing character: There is no . in font nullfont!
Missing character: There is no 9 in font nullfont!
Missing character: There is no 5 in font nullfont!
Missing character: There is no , in font nullfont!
Missing character: There is no 0 in font nullfont!
Missing character: There is no . in font nullfont!
Missing character: There is no 9 in font nullfont!
Missing character: There is no 2 in font nullfont!

Overfull \hbox (20.0pt too wide) in paragraph at lines 3--7
[]
 []

! Undefined control sequence.
l.8 \lstdefinestyle
                   {CStyle}{
The control sequence at the end of the top line
of your error message was never \def'ed. If you have
misspelled it (e.g., `\hobx'), type `I' and the correct
spelling (e.g., `I\hbox'). Otherwise just continue,
and I'll forget about whatever was undefined.


! LaTeX Error: Missing \begin{document}.

See the LaTeX manual or LaTeX Companion for explanation.
Type  H <return>  for immediate help.
 ...                                              
                                                  
l.8 \lstdefinestyle{C
                     Style}{
You're in trouble here.  Try typing  <return>  to proceed.
If that doesn't work, type  X <return>  to quit.

Missing character: There is no C in font nullfont!
Missing character: There is no S in font nullfont!
Missing character: There is no t in font nullfont!
Missing character: There is no y in font nullfont!
Missing character: There is no l in font nullfont!
Missing character: There is no e in font nullfont!
Missing character: There is no c in font nullfont!
Missing character: There is no o in font nullfont!
Missing character: There is no m in font nullfont!
Missing character: There is no m in font nullfont!
Missing character: There is no e in font nullfont!
Missing character: There is no n in font nullfont!
Missing character: There is no t in font nullfont!
Missing character: There is no s in font nullfont!
Missing character: There is no t in font nullfont!
Missing character: There is no y in font nullfont!
Missing character: There is no l in font nullfont!
Missing character: There is no e in font nullfont!
Missing character: There is no = in font nullfont!
! Undefined control sequence.
l.10 	commentstyle=\color
                         {mGreen},
The control sequence at the end of the top line
of your error message was never \def'ed. If you have
misspelled it (e.g., `\hobx'), type `I' and the correct
spelling (e.g., `I\hbox'). Otherwise just continue,
and I'll forget about whatever was undefined.

Missing character: There is no m in font nullfont!
Missing character: There is no G in font nullfont!
Missing character: There is no r in font nullfont!
Missing character: There is no e in font nullfont!
Missing character: There is no e in font nullfont!
Missing character: There is no n in font nullfont!
Missing character: There is no , in font nullfont!
Missing character: There is no k in font nullfont!
Missing character: There is no e in font nullfont!
Missing character: There is no y in font nullfont!
Missing character: There is no w in font nullfont!
Missing character: There is no o in font nullfont!
Missing character: There is no r in font nullfont!
Missing character: There is no d in font nullfont!
Missing character: There is no s in font nullfont!
Missing character: There is no t in font nullfont!
Missing character: There is no y in font nullfont!
Missing character: There is no l in font nullfont!
Missing character: There is no e in font nullfont!
Missing character: There is no = in font nullfont!
! Undefined control sequence.
l.11 	keywordstyle=\color
                         {blue},
The control sequence at the end of the top line
of your error message was never \def'ed. If you have
misspelled it (e.g., `\hobx'), type `I' and the correct
spelling (e.g., `I\hbox'). Otherwise just continue,
and I'll forget about whatever was undefined.

Missing character: There is no b in font nullfont!
Missing character: There is no l in font nullfont!
Missing character: There is no u in font nullfont!
Missing character: There is no e in font nullfont!
Missing character: There is no , in font nullfont!
Missing character: There is no n in font nullfont!
Missing character: There is no u in font nullfont!
Missing character: There is no m in font nullfont!
Missing character: There is no b in font nullfont!
Missing character: There is no e in font nullfont!
Missing character: There is no r in font nullfont!
Missing character: There is no s in font nullfont!
Missing character: There is no t in font nullfont!
Missing character: There is no y in font nullfont!
Missing character: There is no l in font nullfont!
Missing character: There is no e in font nullfont!
Missing character: There is no = in font nullfont!
! Undefined control sequence.
l.12 	numberstyle=\tiny
                       \color{mGray},
The control sequence at the end of the top line
of your error message was never \def'ed. If you have
misspelled it (e.g., `\hobx'), type `I' and the correct
spelling (e.g., `I\hbox'). Otherwise just continue,
and I'll forget about whatever was undefined.

! Undefined control sequence.
l.12 	numberstyle=\tiny\color
                             {mGray},
The control sequence at the end of the top line
of your error message was never \def'ed. If you have
misspelled it (e.g., `\hobx'), type `I' and the correct
spelling (e.g., `I\hbox'). Otherwise just continue,
and I'll forget about whatever was undefined.

Missing character: There is no m in font nullfont!
Missing character: There is no G in font nullfont!
Missing character: There is no r in font nullfont!
Missing character: There is no a in font nullfont!
Missing character: There is no y in font nullfont!
Missing character: There is no , in font nullfont!
Missing character: There is no s in font nullfont!
Missing character: There is no t in font nullfont!
Missing character: There is no r in font nullfont!
Missing character: There is no i in font nullfont!
Missing character: There is no n in font nullfont!
Missing character: There is no g in font nullfont!
Missing character: There is no s in font nullfont!
Missing character: There is no t in font nullfont!
Missing character: There is no y in font nullfont!
Missing character: There is no l in font nullfont!
Missing character: There is no e in font nullfont!
Missing character: There is no = in font nullfont!
! Undefined control sequence.
l.13 	stringstyle=\color
                        {magenta},
The control sequence at the end of the top line
of your error message was never \def'ed. If you have
misspelled it (e.g., `\hobx'), type `I' and the correct
spelling (e.g., `I\hbox'). Otherwise just continue,
and I'll forget about whatever was undefined.

Missing character: There is no m in font nullfont!
Missing character: There is no a in font nullfont!
Missing character: There is no g in font nullfont!
Missing character: There is no e in font nullfont!
Missing character: There is no n in font nullfont!
Missing character: There is no t in font nullfont!
Missing character: There is no a in font nullfont!
Missing character: There is no , in font nullfont!
Missing character: There is no b in font nullfont!
Missing character: There is no a in font nullfont!
Missing character: There is no s in font nullfont!
Missing character: There is no i in font nullfont!
Missing character: There is no c in font nullfont!
Missing character: There is no s in font nullfont!
Missing character: There is no t in font nullfont!
Missing character: There is no y in font nullfont!
Missing character: There is no l in font nullfont!
Missing character: There is no e in font nullfont!
Missing character: There is no = in font nullfont!
! Undefined control sequence.
l.14 	basicstyle=\scriptsize
                            ,
The control sequence at the end of the top line
of your error message was never \def'ed. If you have
misspelled it (e.g., `\hobx'), type `I' and the correct
spelling (e.g., `I\hbox'). Otherwise just continue,
and I'll forget about whatever was undefined.

Missing character: There is no , in font nullfont!
Missing character: There is no b in font nullfont!
Missing character: There is no r in font nullfont!
Missing character: There is no e in font nullfont!
Missing character: There is no a in font nullfont!
Missing character: There is no k in font nullfont!
Missing character: There is no a in font nullfont!
Missing character: There is no t in font nullfont!
Missing character: There is no w in font nullfont!
Missing character: There is no h in font nullfont!
Missing character: There is no i in font nullfont!
Missing character: There is no t in font nullfont!
Missing character: There is no e in font nullfont!
Missing character: There is no s in font nullfont!
Missing character: There is no p in font nullfont!
Missing character: There is no a in font nullfont!
Missing character: There is no c in font nullfont!
Missing character: There is no e in font nullfont!
Missing character: There is no = in font nullfont!
Missing character: There is no f in font nullfont!
Missing character: There is no a in font nullfont!
Missing character: There is no l in font nullfont!
Missing character: There is no s in font nullfont!
Missing character: There is no e in font nullfont!
Missing character: There is no , in font nullfont!
Missing character: There is no b in font nullfont!
Missing character: There is no r in font nullfont!
Missing character: There is no e in font nullfont!
Missing character: There is no a in font nullfont!
Missing character: There is no k in font nullfont!
Missing character: There is no l in font nullfont!
Missing character: There is no i in font nullfont!
Missing character: There is no n in font nullfont!
Missing character: There is no e in font nullfont!
Missing character: There is no s in font nullfont!
Missing character: There is no = in font nullfont!
Missing character: There is no t in font nullfont!
Missing character: There is no r in font nullfont!
Missing character: There is no u in font nullfont!
Missing character: There is no e in font nullfont!
Missing character: There is no , in font nullfont!
Missing character: There is no c in font nullfont!
Missing character: There is no a in font nullfont!
Missing character: There is no p in font nullfont!
Missing character: There is no t in font nullfont!
Missing character: There is no i in font nullfont!
Missing character: There is no o in font nullfont!
Missing character: There is no n in font nullfont!
Missing character: There is no p in font nullfont!
Missing character: There is no o in font nullfont!
Missing character: There is no s in font nullfont!
Missing character: There is no = in font nullfont!
Missing character: There is no b in font nullfont!
Missing character: There is no , in font nullfont!
Missing character: There is no k in font nullfont!
Missing character: There is no e in font nullfont!
Missing character: There is no e in font nullfont!
Missing character: There is no p in font nullfont!
Missing character: There is no s in font nullfont!
Missing character: There is no p in font nullfont!
Missing character: There is no a in font nullfont!
Missing character: There is no c in font nullfont!
Missing character: There is no e in font nullfont!
Missing character: There is no s in font nullfont!
Missing character: There is no = in font nullfont!
Missing character: There is no t in font nullfont!
Missing character: There is no r in font nullfont!
Missing character: There is no u in font nullfont!
Missing character: There is no e in font nullfont!
Missing character: There is no , in font nullfont!
Missing character: There is no n in font nullfont!
Missing character: There is no u in font nullfont!
Missing character: There is no m in font nullfont!
Missing character: There is no b in font nullfont!
Missing character: There is no e in font nullfont!
Missing character: There is no r in font nullfont!
Missing character: There is no s in font nullfont!
Missing character: There is no e in font nullfont!
Missing character: There is no p in font nullfont!
Missing character: There is no = in font nullfont!
Missing character: There is no 5 in font nullfont!
Missing character: There is no p in font nullfont!
Missing character: There is no t in font nullfont!
Missing character: There is no , in font nullfont!
Missing character: There is no s in font nullfont!
Missing character: There is no h in font nullfont!
Missing character: There is no o in font nullfont!
Missing character: There is no w in font nullfont!
Missing character: There is no s in font nullfont!
Missing character: There is no p in font nullfont!
Missing character: There is no a in font nullfont!
Missing character: There is no c in font nullfont!
Missing character: There is no e in font nullfont!
Missing character: There is no s in font nullfont!
Missing character: There is no = in font nullfont!
Missing character: There is no f in font nullfont!
Missing character: There is no a in font nullfont!
Missing character: There is no l in font nullfont!
Missing character: There is no s in font nullfont!
Missing character: There is no e in font nullfont!
Missing character: There is no , in font nullfont!
Missing character: There is no s in font nullfont!
Missing character: There is no h in font nullfont!
Missing character: There is no o in font nullfont!
Missing character: There is no w in font nullfont!
Missing character: There is no s in font nullfont!
Missing character: There is no t in font nullfont!
Missing character: There is no r in font nullfont!
Missing character: There is no i in font nullfont!
Missing character: There is no n in font nullfont!
Missing character: There is no g in font nullfont!
Missing character: There is no s in font nullfont!
Missing character: There is no p in font nullfont!
Missing character: There is no a in font nullfont!
Missing character: There is no c in font nullfont!
Missing character: There is no e in font nullfont!
Missing character: There is no s in font nullfont!
Missing character: There is no = in font nullfont!
Missing character: There is no f in font nullfont!
Missing character: There is no a in font nullfont!
Missing character: There is no l in font nullfont!
Missing character: There is no s in font nullfont!
Missing character: There is no e in font nullfont!
Missing character: There is no , in font nullfont!
Missing character: There is no s in font nullfont!
Missing character: There is no h in font nullfont!
Missing character: There is no o in font nullfont!
Missing character: There is no w in font nullfont!
Missing character: There is no t in font nullfont!
Missing character: There is no a in font nullfont!
Missing character: There is no b in font nullfont!
Missing character: There is no s in font nullfont!
Missing character: There is no = in font nullfont!
Missing character: There is no f in font nullfont!
Missing character: There is no a in font nullfont!
Missing character: There is no l in font nullfont!
Missing character: There is no s in font nullfont!
Missing character: There is no e in font nullfont!
Missing character: There is no , in font nullfont!
Missing character: There is no t in font nullfont!
Missing character: There is no a in font nullfont!
Missing character: There is no b in font nullfont!
Missing character: There is no s in font nullfont!
Missing character: There is no i in font nullfont!
Missing character: There is no z in font nullfont!
Missing character: There is no e in font nullfont!
Missing character: There is no = in font nullfont!
Missing character: There is no 2 in font nullfont!
Missing character: There is no , in font nullfont!
Missing character: There is no l in font nullfont!
Missing character: There is no a in font nullfont!
Missing character: There is no n in font nullfont!
Missing character: There is no g in font nullfont!
Missing character: There is no u in font nullfont!
Missing character: There is no a in font nullfont!
Missing character: There is no g in font nullfont!
Missing character: There is no e in font nullfont!
Missing character: There is no = in font nullfont!
Missing character: There is no P in font nullfont!
Missing character: There is no y in font nullfont!
Missing character: There is no t in font nullfont!
Missing character: There is no h in font nullfont!
Missing character: There is no o in font nullfont!
Missing character: There is no n in font nullfont!
LaTeX Font Info:    Try loading font information for OT1+ptm on input line 27.
("C:\Program Files\MiKTeX 2.9\tex\latex\psnfss\ot1ptm.fd"
File: ot1ptm.fd 2001/06/04 font definitions for OT1/ptm.
)
! Undefined control sequence.
l.28 ...easure the performance overhead of \codeft
                                                  {ferify}.
The control sequence at the end of the top line
of your error message was never \def'ed. If you have
misspelled it (e.g., `\hobx'), type `I' and the correct
spelling (e.g., `I\hbox'). Otherwise just continue,
and I'll forget about whatever was undefined.

LaTeX Font Info:    Try loading font information for OT1+qcr on input line 29.
("C:\Program Files\MiKTeX 2.9\tex\latex\tex-gyre\ot1qcr.fd"
File: ot1qcr.fd 2009/09/25 v1.2 font definition file for OT1/qcr
)

! LaTeX Error: Environment lstlisting undefined.

See the LaTeX manual or LaTeX Companion for explanation.
Type  H <return>  for immediate help.
 ...                                              
                                                  
l.30 \begin{lstlisting}
                       [style=CStyle]
Your command was ignored.
Type  I <command> <return>  to replace it with another command,
or  <return>  to continue without it.

! You can't use `macro parameter character #' in horizontal mode.
l.31 #
      !/usr/bin/python3
Sorry, but I'm not programmed to handle this case;
I'll just pretend that you didn't ask for it.
If you're in the wrong mode, you might be able to
return to the right one by typing `I}' or `I$' or `I\par'.


Overfull \hbox (20.0pt too wide) in paragraph at lines 8--32
[]
 []


Overfull \hbox (17.77977pt too wide) in paragraph at lines 8--32
\OT1/ptm/m/n/10 This
 []


Overfull \hbox (12.7699pt too wide) in paragraph at lines 8--32
\OT1/ptm/m/n/10 ap-
 []


Overfull \hbox (27.21983pt too wide) in paragraph at lines 8--32
\OT1/ptm/m/n/10 pendix
 []


Overfull \hbox (17.7699pt too wide) in paragraph at lines 8--32
\OT1/ptm/m/n/10 con-
 []


Overfull \hbox (18.88962pt too wide) in paragraph at lines 8--32
\OT1/ptm/m/n/10 tains
 []


Overfull \hbox (12.21983pt too wide) in paragraph at lines 8--32
\OT1/ptm/m/n/10 the
 []


Overfull \hbox (22.21957pt too wide) in paragraph at lines 8--32
\OT1/ptm/m/n/10 script
 []


Overfull \hbox (11.65991pt too wide) in paragraph at lines 8--32
\OT1/ptm/m/n/10 we
 []


Overfull \hbox (15.5398pt too wide) in paragraph at lines 8--32
\OT1/ptm/m/n/10 cre-
 []


Overfull \hbox (16.65977pt too wide) in paragraph at lines 8--32
\OT1/ptm/m/n/10 ated
 []


Overfull \hbox (7.77989pt too wide) in paragraph at lines 8--32
\OT1/ptm/m/n/10 to
 []


Overfull \hbox (19.98973pt too wide) in paragraph at lines 8--32
\OT1/ptm/m/n/10 mea-
 []


Overfull \hbox (16.65979pt too wide) in paragraph at lines 8--32
\OT1/ptm/m/n/10 sure
 []


Overfull \hbox (12.21983pt too wide) in paragraph at lines 8--32
\OT1/ptm/m/n/10 the
 []


Overfull \hbox (15.8999pt too wide) in paragraph at lines 8--32
\OT1/ptm/m/n/10 per-
 []


Overfull \hbox (14.78992pt too wide) in paragraph at lines 8--32
\OT1/ptm/m/n/10 for-
 []


Overfull \hbox (26.09972pt too wide) in paragraph at lines 8--32
\OT1/ptm/m/n/10 mance
 []


Overfull \hbox (20.6001pt too wide) in paragraph at lines 8--32
\OT1/ptm/m/n/10 over-
 []


Overfull \hbox (18.87988pt too wide) in paragraph at lines 8--32
\OT1/ptm/m/n/10 head
 []


Overfull \hbox (8.32996pt too wide) in paragraph at lines 8--32
\OT1/ptm/m/n/10 of
 []


Overfull \hbox (14.22986pt too wide) in paragraph at lines 8--32
\OT1/ptm/m/n/10 fer-
 []


Overfull \hbox (12.95995pt too wide) in paragraph at lines 8--32
\OT1/ptm/m/n/10 ify.
 []


Overfull \hbox (84.0pt too wide) in paragraph at lines 8--32
\OT1/qcr/m/n/10 [style=CStyle]
 []


Overfull \hbox (102.0pt too wide) in paragraph at lines 8--32
\OT1/qcr/m/n/10 !/usr/bin/python3 
 []


! LaTeX Error: Missing \begin{document}.

See the LaTeX manual or LaTeX Companion for explanation.
Type  H <return>  for immediate help.
 ...                                              
                                                  
l.33 i
      mport time
You're in trouble here.  Try typing  <return>  to proceed.
If that doesn't work, type  X <return>  to quit.

! Missing $ inserted.
<inserted text> 
                $
l.34 from timeit import default_
                                timer as timer
I've inserted a begin-math/end-math symbol since I think
you left one out. Proceed, with fingers crossed.

LaTeX Font Info:    External font `cmex10' loaded for size
(Font)              <7> on input line 34.
LaTeX Font Info:    External font `cmex10' loaded for size
(Font)              <5> on input line 34.
! Missing $ inserted.
<inserted text> 
                $
l.38 
     
I've inserted a begin-math/end-math symbol since I think
you left one out. Proceed, with fingers crossed.


Overfull \hbox (56.0pt too wide) in paragraph at lines 33--38
[]\OT1/qcr/m/n/10 import
 []


Overfull \hbox (24.0pt too wide) in paragraph at lines 33--38
\OT1/qcr/m/n/10 time
 []


Overfull \hbox (24.0pt too wide) in paragraph at lines 33--38
\OT1/qcr/m/n/10 from
 []


Overfull \hbox (36.0pt too wide) in paragraph at lines 33--38
\OT1/qcr/m/n/10 timeit
 []


Overfull \hbox (18.0pt too wide) in paragraph at lines 33--38
\OT1/qcr/m/n/10 im-
 []


Overfull \hbox (24.0pt too wide) in paragraph at lines 33--38
\OT1/qcr/m/n/10 port
 []


Overfull \hbox (241.56987pt too wide) in paragraph at lines 33--38
\OT1/qcr/m/n/10 default$[]\OML/cmm/m/it/10 imerastimerimportmathimportosimports
ys$ 
 []


! LaTeX Error: Missing \begin{document}.

See the LaTeX manual or LaTeX Companion for explanation.
Type  H <return>  for immediate help.
 ...                                              
                                                  
l.39 d
      ef test(iterations = 100, sleep_time = 1):
You're in trouble here.  Try typing  <return>  to proceed.
If that doesn't work, type  X <return>  to quit.

! Missing $ inserted.
<inserted text> 
                $
l.39 def test(iterations = 100, sleep_
                                      time = 1):
I've inserted a begin-math/end-math symbol since I think
you left one out. Proceed, with fingers crossed.

! Missing $ inserted.
<inserted text> 
                $
l.42 
     
I've inserted a begin-math/end-math symbol since I think
you left one out. Proceed, with fingers crossed.


Overfull \hbox (38.0pt too wide) in paragraph at lines 39--42
[]\OT1/qcr/m/n/10 def
 []


Overfull \hbox (90.0pt too wide) in paragraph at lines 39--42
\OT1/qcr/m/n/10 test(iterations
 []


Overfull \hbox (6.0pt too wide) in paragraph at lines 39--42
\OT1/qcr/m/n/10 =
 []


Overfull \hbox (24.0pt too wide) in paragraph at lines 39--42
\OT1/qcr/m/n/10 100,
 []


Overfull \hbox (60.95789pt too wide) in paragraph at lines 39--42
\OT1/qcr/m/n/10 sleep$[]\OML/cmm/m/it/10 ime \OT1/cmr/m/n/10 =
 []


Overfull \hbox (14.44441pt too wide) in paragraph at lines 39--42
\OT1/cmr/m/n/10 1) :
 []


Overfull \hbox (80.61652pt too wide) in paragraph at lines 39--42
\OML/cmm/m/it/10 timing[]verhead \OT1/cmr/m/n/10 =
 []


Overfull \hbox (66.77228pt too wide) in paragraph at lines 39--42
\OT1/cmr/m/n/10 []\OML/cmm/m/it/10 total[]iming \OT1/cmr/m/n/10 =
 []


Overfull \hbox (5.00002pt too wide) in paragraph at lines 39--42
\OT1/cmr/m/n/10 0$ 
 []


! LaTeX Error: Missing \begin{document}.

See the LaTeX manual or LaTeX Companion for explanation.
Type  H <return>  for immediate help.
 ...                                              
                                                  
l.43 	o
       _results = []
You're in trouble here.  Try typing  <return>  to proceed.
If that doesn't work, type  X <return>  to quit.

! Missing $ inserted.
<inserted text> 
                $
l.43 	o_
        results = []
I've inserted a begin-math/end-math symbol since I think
you left one out. Proceed, with fingers crossed.

! Missing $ inserted.
<inserted text> 
                $
l.48 
     
I've inserted a begin-math/end-math symbol since I think
you left one out. Proceed, with fingers crossed.


Overfull \hbox (67.5313pt too wide) in paragraph at lines 43--48
[]\OT1/qcr/m/n/10 o$[]\OML/cmm/m/it/10 esults \OT1/cmr/m/n/10 =
 []


Overfull \hbox (41.40396pt too wide) in paragraph at lines 43--48
\OT1/cmr/m/n/10 []\OML/cmm/m/it/10 o[]otal \OT1/cmr/m/n/10 =
 []


Overfull \hbox (35.57487pt too wide) in paragraph at lines 43--48
\OT1/cmr/m/n/10 0\OML/cmm/m/it/10 o[]vg \OT1/cmr/m/n/10 =
 []


Overfull \hbox (24.67708pt too wide) in paragraph at lines 43--48
\OT1/cmr/m/n/10 0\OML/cmm/m/it/10 o[] \OT1/cmr/m/n/10 =
 []


Overfull \hbox (35.2292pt too wide) in paragraph at lines 43--48
\OT1/cmr/m/n/10 0\OML/cmm/m/it/10 o[]ar \OT1/cmr/m/n/10 =
 []


Overfull \hbox (5.00002pt too wide) in paragraph at lines 43--48
\OT1/cmr/m/n/10 0$ 
 []


! LaTeX Error: Missing \begin{document}.

See the LaTeX manual or LaTeX Companion for explanation.
Type  H <return>  for immediate help.
 ...                                              
                                                  
l.49 	u
       _results = []
You're in trouble here.  Try typing  <return>  to proceed.
If that doesn't work, type  X <return>  to quit.

! Missing $ inserted.
<inserted text> 
                $
l.49 	u_
        results = []
I've inserted a begin-math/end-math symbol since I think
you left one out. Proceed, with fingers crossed.

! Missing $ inserted.
<inserted text> 
                $
l.54 
     
I've inserted a begin-math/end-math symbol since I think
you left one out. Proceed, with fingers crossed.


Overfull \hbox (67.5313pt too wide) in paragraph at lines 49--54
[]\OT1/qcr/m/n/10 u$[]\OML/cmm/m/it/10 esults \OT1/cmr/m/n/10 =
 []


Overfull \hbox (42.28131pt too wide) in paragraph at lines 49--54
\OT1/cmr/m/n/10 []\OML/cmm/m/it/10 u[]otal \OT1/cmr/m/n/10 =
 []


Overfull \hbox (36.45222pt too wide) in paragraph at lines 49--54
\OT1/cmr/m/n/10 0\OML/cmm/m/it/10 u[]vg \OT1/cmr/m/n/10 =
 []


Overfull \hbox (25.55443pt too wide) in paragraph at lines 49--54
\OT1/cmr/m/n/10 0\OML/cmm/m/it/10 u[] \OT1/cmr/m/n/10 =
 []


Overfull \hbox (36.10655pt too wide) in paragraph at lines 49--54
\OT1/cmr/m/n/10 0\OML/cmm/m/it/10 u[]ar \OT1/cmr/m/n/10 =
 []


Overfull \hbox (5.00002pt too wide) in paragraph at lines 49--54
\OT1/cmr/m/n/10 0$ 
 []


! LaTeX Error: Missing \begin{document}.

See the LaTeX manual or LaTeX Companion for explanation.
Type  H <return>  for immediate help.
 ...                                              
                                                  
l.55 	r
       _results = []
You're in trouble here.  Try typing  <return>  to proceed.
If that doesn't work, type  X <return>  to quit.

! Missing $ inserted.
<inserted text> 
                $
l.55 	r_
        results = []
I've inserted a begin-math/end-math symbol since I think
you left one out. Proceed, with fingers crossed.

! Missing $ inserted.
<inserted text> 
                $
l.60 
     
I've inserted a begin-math/end-math symbol since I think
you left one out. Proceed, with fingers crossed.


Overfull \hbox (67.5313pt too wide) in paragraph at lines 55--60
[]\OT1/qcr/m/n/10 r$[]\OML/cmm/m/it/10 esults \OT1/cmr/m/n/10 =
 []


Overfull \hbox (41.06831pt too wide) in paragraph at lines 55--60
\OT1/cmr/m/n/10 []\OML/cmm/m/it/10 r[]otal \OT1/cmr/m/n/10 =
 []


Overfull \hbox (35.23923pt too wide) in paragraph at lines 55--60
\OT1/cmr/m/n/10 0\OML/cmm/m/it/10 r[]vg \OT1/cmr/m/n/10 =
 []


Overfull \hbox (24.34143pt too wide) in paragraph at lines 55--60
\OT1/cmr/m/n/10 0\OML/cmm/m/it/10 r[] \OT1/cmr/m/n/10 =
 []


Overfull \hbox (34.89355pt too wide) in paragraph at lines 55--60
\OT1/cmr/m/n/10 0\OML/cmm/m/it/10 r[]ar \OT1/cmr/m/n/10 =
 []


Overfull \hbox (5.00002pt too wide) in paragraph at lines 55--60
\OT1/cmr/m/n/10 0$ 
 []


! LaTeX Error: Missing \begin{document}.

See the LaTeX manual or LaTeX Companion for explanation.
Type  H <return>  for immediate help.
 ...                                              
                                                  
l.61     f
          or i in range(iterations):
You're in trouble here.  Try typing  <return>  to proceed.
If that doesn't work, type  X <return>  to quit.


Overfull \hbox (38.0pt too wide) in paragraph at lines 61--64
[]\OT1/qcr/m/n/10 for
 []


Overfull \hbox (6.0pt too wide) in paragraph at lines 61--64
\OT1/qcr/m/n/10 i
 []


Overfull \hbox (12.0pt too wide) in paragraph at lines 61--64
\OT1/qcr/m/n/10 in
 []


Overfull \hbox (108.0pt too wide) in paragraph at lines 61--64
\OT1/qcr/m/n/10 range(iterations):
 []


Overfull \hbox (6.0pt too wide) in paragraph at lines 61--64
\OT1/qcr/m/n/10 f
 []


Overfull \hbox (6.0pt too wide) in paragraph at lines 61--64
\OT1/qcr/m/n/10 =
 []


Overfull \hbox (66.0pt too wide) in paragraph at lines 61--64
\OT1/qcr/m/n/10 open("test"
 []


Overfull \hbox (6.0pt too wide) in paragraph at lines 61--64
\OT1/qcr/m/n/10 +
 []


Overfull \hbox (36.0pt too wide) in paragraph at lines 61--64
\OT1/qcr/m/n/10 str(i)
 []


Overfull \hbox (6.0pt too wide) in paragraph at lines 61--64
\OT1/qcr/m/n/10 +
 []


Overfull \hbox (42.0pt too wide) in paragraph at lines 61--64
\OT1/qcr/m/n/10 ".txt",
 []


Overfull \hbox (24.0pt too wide) in paragraph at lines 61--64
\OT1/qcr/m/n/10 "w")
 []


Overfull \hbox (54.0pt too wide) in paragraph at lines 61--64
\OT1/qcr/m/n/10 f.close() 
 []


! LaTeX Error: Missing \begin{document}.

See the LaTeX manual or LaTeX Companion for explanation.
Type  H <return>  for immediate help.
 ...                                              
                                                  
l.65     o
          _start = timer()
You're in trouble here.  Try typing  <return>  to proceed.
If that doesn't work, type  X <return>  to quit.

! Missing $ inserted.
<inserted text> 
                $
l.65     o_
           start = timer()
I've inserted a begin-math/end-math symbol since I think
you left one out. Proceed, with fingers crossed.

! Missing $ inserted.
<inserted text> 
                $
l.70 
     
I've inserted a begin-math/end-math symbol since I think
you left one out. Proceed, with fingers crossed.


Overfull \hbox (58.12732pt too wide) in paragraph at lines 65--70
[]\OT1/qcr/m/n/10 o$[]\OML/cmm/m/it/10 tart \OT1/cmr/m/n/10 =
 []


Overfull \hbox (145.138pt too wide) in paragraph at lines 65--70
\OML/cmm/m/it/10 timer\OT1/cmr/m/n/10 ()\OML/cmm/m/it/10 foriinrange\OT1/cmr/m/
n/10 (\OML/cmm/m/it/10 iterations\OT1/cmr/m/n/10 ) :
 []


Overfull \hbox (129.04097pt too wide) in paragraph at lines 65--70
\OML/cmm/m/it/10 time:sleep\OT1/cmr/m/n/10 (\OML/cmm/m/it/10 sleep[]ime\OT1/cmr
/m/n/10 )\OML/cmm/m/it/10 o[]top \OT1/cmr/m/n/10 =
 []


Overfull \hbox (79.82095pt too wide) in paragraph at lines 65--70
\OML/cmm/m/it/10 timer\OT1/cmr/m/n/10 ()\OML/cmm/m/it/10 baseline \OT1/cmr/m/n/
10 =
 []


Overfull \hbox (30.38895pt too wide) in paragraph at lines 65--70
\OML/cmm/m/it/10 o[]top \OMS/cmsy/m/n/10  
 []


Overfull \hbox (26.41904pt too wide) in paragraph at lines 65--70
\OML/cmm/m/it/10 o[]tart$ 
 []


! LaTeX Error: Missing \begin{document}.

See the LaTeX manual or LaTeX Companion for explanation.
Type  H <return>  for immediate help.
 ...                                              
                                                  
l.71     f
           = [None] * iterations
You're in trouble here.  Try typing  <return>  to proceed.
If that doesn't work, type  X <return>  to quit.

! Missing $ inserted.
<inserted text> 
                $
l.72 	o_
        start = timer()
I've inserted a begin-math/end-math symbol since I think
you left one out. Proceed, with fingers crossed.

! Missing $ inserted.
<inserted text> 
                $
l.78 
     
I've inserted a begin-math/end-math symbol since I think
you left one out. Proceed, with fingers crossed.


Overfull \hbox (26.0pt too wide) in paragraph at lines 71--78
[]\OT1/qcr/m/n/10 f
 []


Overfull \hbox (6.0pt too wide) in paragraph at lines 71--78
\OT1/qcr/m/n/10 =
 []


Overfull \hbox (36.0pt too wide) in paragraph at lines 71--78
\OT1/qcr/m/n/10 [None]
 []


Overfull \hbox (6.0pt too wide) in paragraph at lines 71--78
\OT1/qcr/m/n/10 *
 []


Overfull \hbox (18.0pt too wide) in paragraph at lines 71--78
\OT1/qcr/m/n/10 it-
 []


Overfull \hbox (18.0pt too wide) in paragraph at lines 71--78
\OT1/qcr/m/n/10 er-
 []


Overfull \hbox (12.0pt too wide) in paragraph at lines 71--78
\OT1/qcr/m/n/10 a-
 []


Overfull \hbox (30.0pt too wide) in paragraph at lines 71--78
\OT1/qcr/m/n/10 tions
 []


Overfull \hbox (38.12732pt too wide) in paragraph at lines 71--78
\OT1/qcr/m/n/10 o$[]\OML/cmm/m/it/10 tart \OT1/cmr/m/n/10 =
 []


Overfull \hbox (145.138pt too wide) in paragraph at lines 71--78
\OML/cmm/m/it/10 timer\OT1/cmr/m/n/10 ()\OML/cmm/m/it/10 foriinrange\OT1/cmr/m/
n/10 (\OML/cmm/m/it/10 iterations\OT1/cmr/m/n/10 ) :
 []


Overfull \hbox (25.52847pt too wide) in paragraph at lines 71--78
\OML/cmm/m/it/10 f\OT1/cmr/m/n/10 [\OML/cmm/m/it/10 i\OT1/cmr/m/n/10 ] =
 []


Overfull \hbox (58.76982pt too wide) in paragraph at lines 71--78
\OML/cmm/m/it/10 open\OT1/cmr/m/n/10 ("\OML/cmm/m/it/10 test\OT1/cmr/m/n/10 " +

 []


Overfull \hbox (32.08871pt too wide) in paragraph at lines 71--78
\OML/cmm/m/it/10 str\OT1/cmr/m/n/10 (\OML/cmm/m/it/10 i\OT1/cmr/m/n/10 ) +
 []


Overfull \hbox (180.51788pt too wide) in paragraph at lines 71--78
\OT1/cmr/m/n/10 "\OML/cmm/m/it/10 :txt\OT1/cmr/m/n/10 "\OML/cmm/m/it/10 ; \OT1/
cmr/m/n/10 "\OML/cmm/m/it/10 w\OT1/cmr/m/n/10 ")\OML/cmm/m/it/10 time:sleep\OT1
/cmr/m/n/10 (\OML/cmm/m/it/10 sleep[]ime\OT1/cmr/m/n/10 )\OML/cmm/m/it/10 o[]to
p \OT1/cmr/m/n/10 =
 []


Overfull \hbox (88.47002pt too wide) in paragraph at lines 71--78
\OML/cmm/m/it/10 timer\OT1/cmr/m/n/10 ()\OML/cmm/m/it/10 o[]verhead \OT1/cmr/m/
n/10 =
 []


Overfull \hbox (38.16675pt too wide) in paragraph at lines 71--78
\OT1/cmr/m/n/10 ((\OML/cmm/m/it/10 o[]top \OMS/cmsy/m/n/10  
 []


Overfull \hbox (38.08574pt too wide) in paragraph at lines 71--78
\OML/cmm/m/it/10 o[]tart\OT1/cmr/m/n/10 ) \OMS/cmsy/m/n/10  
 []


Overfull \hbox (89.47563pt too wide) in paragraph at lines 71--78
\OML/cmm/m/it/10 baseline\OT1/cmr/m/n/10 )\OML/cmm/m/it/10 =iterations$ 
 []


! LaTeX Error: Missing \begin{document}.

See the LaTeX manual or LaTeX Companion for explanation.
Type  H <return>  for immediate help.
 ...                                              
                                                  
l.79     f
          or i in range(iterations):
You're in trouble here.  Try typing  <return>  to proceed.
If that doesn't work, type  X <return>  to quit.


Overfull \hbox (38.0pt too wide) in paragraph at lines 79--81
[]\OT1/qcr/m/n/10 for
 []


Overfull \hbox (6.0pt too wide) in paragraph at lines 79--81
\OT1/qcr/m/n/10 i
 []


Overfull \hbox (12.0pt too wide) in paragraph at lines 79--81
\OT1/qcr/m/n/10 in
 []


Overfull \hbox (108.0pt too wide) in paragraph at lines 79--81
\OT1/qcr/m/n/10 range(iterations):
 []


Overfull \hbox (72.0pt too wide) in paragraph at lines 79--81
\OT1/qcr/m/n/10 f[i].close() 
 []


! LaTeX Error: The font size command \normalsize is not defined:
               there is probably something wrong with the class file.

See the LaTeX manual or LaTeX Companion for explanation.
Type  H <return>  for immediate help.
 ...                                              
                                                  
l.81 
     
Your command was ignored.
Type  I <command> <return>  to replace it with another command,
or  <return>  to continue without it.

[1
! Undefined control sequence.
<write> \newlabel{app:B}{{}{\thepage 
                                     }}
l.81 
     
The control sequence at the end of the top line
of your error message was never \def'ed. If you have
misspelled it (e.g., `\hobx'), type `I' and the correct
spelling (e.g., `I\hbox'). Otherwise just continue,
and I'll forget about whatever was undefined.

\newlabel{app:B}{{}{}}
{C:/ProgramData/MiKTeX/2.9/pdftex/config/pdftex.map}]

! LaTeX Error: Missing \begin{document}.

See the LaTeX manual or LaTeX Companion for explanation.
Type  H <return>  for immediate help.
 ...                                              
                                                  
l.82     r
          _start = timer()
You're in trouble here.  Try typing  <return>  to proceed.
If that doesn't work, type  X <return>  to quit.

! Missing $ inserted.
<inserted text> 
                $
l.82     r_
           start = timer()
I've inserted a begin-math/end-math symbol since I think
you left one out. Proceed, with fingers crossed.

! Missing $ inserted.
<inserted text> 
                $
l.88 
     
I've inserted a begin-math/end-math symbol since I think
you left one out. Proceed, with fingers crossed.


Overfull \hbox (58.12732pt too wide) in paragraph at lines 82--88
[]\OT1/qcr/m/n/10 r$[]\OML/cmm/m/it/10 tart \OT1/cmr/m/n/10 =
 []


Overfull \hbox (145.138pt too wide) in paragraph at lines 82--88
\OML/cmm/m/it/10 timer\OT1/cmr/m/n/10 ()\OML/cmm/m/it/10 foriinrange\OT1/cmr/m/
n/10 (\OML/cmm/m/it/10 iterations\OT1/cmr/m/n/10 ) :
 []


Overfull \hbox (84.71552pt too wide) in paragraph at lines 82--88
\OML/cmm/m/it/10 os:rename\OT1/cmr/m/n/10 ("\OML/cmm/m/it/10 test\OT1/cmr/m/n/1
0 " +
 []


Overfull \hbox (32.08871pt too wide) in paragraph at lines 82--88
\OML/cmm/m/it/10 str\OT1/cmr/m/n/10 (\OML/cmm/m/it/10 i\OT1/cmr/m/n/10 ) +
 []


Overfull \hbox (64.50356pt too wide) in paragraph at lines 82--88
\OT1/cmr/m/n/10 "\OML/cmm/m/it/10 :txt\OT1/cmr/m/n/10 "\OML/cmm/m/it/10 ; \OT1/
cmr/m/n/10 "\OML/cmm/m/it/10 test\OT1/cmr/m/n/10 " +
 []


Overfull \hbox (32.08871pt too wide) in paragraph at lines 82--88
\OML/cmm/m/it/10 str\OT1/cmr/m/n/10 (\OML/cmm/m/it/10 i\OT1/cmr/m/n/10 ) +
 []


Overfull \hbox (158.40675pt too wide) in paragraph at lines 82--88
\OT1/cmr/m/n/10 "[]\OML/cmm/m/it/10 txt\OT1/cmr/m/n/10 ")\OML/cmm/m/it/10 time:
sleep\OT1/cmr/m/n/10 (\OML/cmm/m/it/10 sleep[]ime\OT1/cmr/m/n/10 )\OML/cmm/m/it
/10 r[]top \OT1/cmr/m/n/10 =
 []


Overfull \hbox (88.13437pt too wide) in paragraph at lines 82--88
\OML/cmm/m/it/10 timer\OT1/cmr/m/n/10 ()\OML/cmm/m/it/10 r[]verhead \OT1/cmr/m/
n/10 =
 []


Overfull \hbox (37.8311pt too wide) in paragraph at lines 82--88
\OT1/cmr/m/n/10 ((\OML/cmm/m/it/10 r[]top \OMS/cmsy/m/n/10  
 []


Overfull \hbox (37.75009pt too wide) in paragraph at lines 82--88
\OML/cmm/m/it/10 r[]tart\OT1/cmr/m/n/10 ) \OMS/cmsy/m/n/10  
 []


Overfull \hbox (89.47563pt too wide) in paragraph at lines 82--88
\OML/cmm/m/it/10 baseline\OT1/cmr/m/n/10 )\OML/cmm/m/it/10 =iterations$ 
 []


! LaTeX Error: Missing \begin{document}.

See the LaTeX manual or LaTeX Companion for explanation.
Type  H <return>  for immediate help.
 ...                                              
                                                  
l.89    	u
          _start = timer()
You're in trouble here.  Try typing  <return>  to proceed.
If that doesn't work, type  X <return>  to quit.

! Missing $ inserted.
<inserted text> 
                $
l.89    	u_
           start = timer()
I've inserted a begin-math/end-math symbol since I think
you left one out. Proceed, with fingers crossed.

! Missing $ inserted.
<inserted text> 
                $
l.95 
     
I've inserted a begin-math/end-math symbol since I think
you left one out. Proceed, with fingers crossed.


Overfull \hbox (58.12732pt too wide) in paragraph at lines 89--95
[]\OT1/qcr/m/n/10 u$[]\OML/cmm/m/it/10 tart \OT1/cmr/m/n/10 =
 []


Overfull \hbox (145.138pt too wide) in paragraph at lines 89--95
\OML/cmm/m/it/10 timer\OT1/cmr/m/n/10 ()\OML/cmm/m/it/10 foriinrange\OT1/cmr/m/
n/10 (\OML/cmm/m/it/10 iterations\OT1/cmr/m/n/10 ) :
 []


Overfull \hbox (80.42107pt too wide) in paragraph at lines 89--95
\OML/cmm/m/it/10 os:unlink\OT1/cmr/m/n/10 ("\OML/cmm/m/it/10 test\OT1/cmr/m/n/1
0 " +
 []


Overfull \hbox (32.08871pt too wide) in paragraph at lines 89--95
\OML/cmm/m/it/10 str\OT1/cmr/m/n/10 (\OML/cmm/m/it/10 i\OT1/cmr/m/n/10 ) +
 []


Overfull \hbox (159.61975pt too wide) in paragraph at lines 89--95
\OT1/cmr/m/n/10 "[]\OML/cmm/m/it/10 txt\OT1/cmr/m/n/10 ")\OML/cmm/m/it/10 time:
sleep\OT1/cmr/m/n/10 (\OML/cmm/m/it/10 sleep[]ime\OT1/cmr/m/n/10 )\OML/cmm/m/it
/10 u[]top \OT1/cmr/m/n/10 =
 []


Overfull \hbox (89.34737pt too wide) in paragraph at lines 89--95
\OML/cmm/m/it/10 timer\OT1/cmr/m/n/10 ()\OML/cmm/m/it/10 u[]verhead \OT1/cmr/m/
n/10 =
 []


Overfull \hbox (39.0441pt too wide) in paragraph at lines 89--95
\OT1/cmr/m/n/10 ((\OML/cmm/m/it/10 u[]top \OMS/cmsy/m/n/10  
 []


Overfull \hbox (38.96309pt too wide) in paragraph at lines 89--95
\OML/cmm/m/it/10 u[]tart\OT1/cmr/m/n/10 ) \OMS/cmsy/m/n/10  
 []


Overfull \hbox (89.47563pt too wide) in paragraph at lines 89--95
\OML/cmm/m/it/10 baseline\OT1/cmr/m/n/10 )\OML/cmm/m/it/10 =iterations$ 
 []


! LaTeX Error: Missing \begin{document}.

See the LaTeX manual or LaTeX Companion for explanation.
Type  H <return>  for immediate help.
 ...                                              
                                                  
l.96     p
          rint("Timing:\t" + str(baseline))
You're in trouble here.  Try typing  <return>  to proceed.
If that doesn't work, type  X <return>  to quit.

LaTeX Font Info:    Try loading font information for OML+qcr on input line 96.
LaTeX Font Info:    No file OMLqcr.fd. on input line 96.

LaTeX Font Warning: Font shape `OML/qcr/m/n' undefined
(Font)              using `OML/cmm/m/it' instead on input line 96.

! Missing $ inserted.
<inserted text> 
                $
l.97 	print("Open:\t" + str(o_
                              overhead))
I've inserted a begin-math/end-math symbol since I think
you left one out. Proceed, with fingers crossed.


LaTeX Warning: Command \t invalid in math mode on input line 98.


LaTeX Warning: Command \t invalid in math mode on input line 98.

! Please use \mathaccent for accents in math mode.
\add@accent ...@spacefactor \spacefactor }\accent 
                                                  #1 #2\egroup \spacefactor ...
l.98 	print("Rename:\t"
                        + str(r_overhead))
I'm changing \accent to \mathaccent here; wish me luck.
(Accents are not the same in formulas as they are in text.)

! Missing { inserted.
<to be read again> 
                   \edef 
l.98 	print("Rename:\t"
                        + str(r_overhead))
A left brace was mandatory here, so I've put one in.
You might want to delete and/or insert some corrections
so that I will find a matching right brace soon.
(If you're confused by all this, try typing `I}' now.)

! You can't use `\spacefactor' in math mode.
\add@accent ...}\accent #1 #2\egroup \spacefactor 
                                                  \accent@spacefactor 
l.98 	print("Rename:\t"
                        + str(r_overhead))
Sorry, but I'm not programmed to handle this case;
I'll just pretend that you didn't ask for it.
If you're in the wrong mode, you might be able to
return to the right one by typing `I}' or `I$' or `I\par'.


LaTeX Warning: Command \t invalid in math mode on input line 99.

! Please use \mathaccent for accents in math mode.
\add@accent ...@spacefactor \spacefactor }\accent 
                                                  #1 #2\egroup \spacefactor ...
l.99 	print("Unlink:\t"
                        + str(u_overhead))
I'm changing \accent to \mathaccent here; wish me luck.
(Accents are not the same in formulas as they are in text.)

! You can't use `\spacefactor' in math mode.
\add@accent ...}\accent #1 #2\egroup \spacefactor 
                                                  \accent@spacefactor 
l.99 	print("Unlink:\t"
                        + str(u_overhead))
Sorry, but I'm not programmed to handle this case;
I'll just pretend that you didn't ask for it.
If you're in the wrong mode, you might be able to
return to the right one by typing `I}' or `I$' or `I\par'.

! Missing $ inserted.
<inserted text> 
                $
l.100 
      
I've inserted a begin-math/end-math symbol since I think
you left one out. Proceed, with fingers crossed.

! Missing } inserted.
<inserted text> 
                }
l.100 
      
I've inserted something that you may have forgotten.
(See the <inserted text> above.)
With luck, this will get me unwedged. But if you
really didn't forget anything, try typing `2' now; then
my insertion and my current dilemma will both disappear.

Missing character: There is no  in font cmex10!
Missing character: There is no  in font cmex10!

Overfull \hbox (110.0pt too wide) in paragraph at lines 96--100
[]\OT1/qcr/m/n/10 print("Timing:[]"
 []


Overfull \hbox (6.0pt too wide) in paragraph at lines 96--100
\OT1/qcr/m/n/10 +
 []


Overfull \hbox (84.0pt too wide) in paragraph at lines 96--100
\OT1/qcr/m/n/10 str(baseline))
 []


Overfull \hbox (78.0pt too wide) in paragraph at lines 96--100
\OT1/qcr/m/n/10 print("Open:[]"
 []


Overfull \hbox (6.0pt too wide) in paragraph at lines 96--100
\OT1/qcr/m/n/10 +
 []


Overfull \hbox (152.15994pt too wide) in paragraph at lines 96--100
\OT1/qcr/m/n/10 str(o$[]\OML/qcr/m/n/10 verhead\OT1/cmr/m/n/10 ))\OML/qcr/m/n/1
0 print\OT1/cmr/m/n/10 ("\OML/qcr/m/n/10 Rename \OT1/cmr/m/n/10 :
 []


Overfull \hbox (246.37537pt too wide) in paragraph at lines 96--100
[]$ 
 []


! LaTeX Error: Missing \begin{document}.

See the LaTeX manual or LaTeX Companion for explanation.
Type  H <return>  for immediate help.
 ...                                              
                                                  
l.102 i
       f __name__ == '__main__':
You're in trouble here.  Try typing  <return>  to proceed.
If that doesn't work, type  X <return>  to quit.

! Missing $ inserted.
<inserted text> 
                $
l.102 if _
          _name__ == '__main__':
I've inserted a begin-math/end-math symbol since I think
you left one out. Proceed, with fingers crossed.

! Missing { inserted.
<to be read again> 
                   _
l.102 if __
           name__ == '__main__':
A left brace was mandatory here, so I've put one in.
You might want to delete and/or insert some corrections
so that I will find a matching right brace soon.
(If you're confused by all this, try typing `I}' now.)

! Missing { inserted.
<to be read again> 
                   _
l.102 if __name__
                  == '__main__':
A left brace was mandatory here, so I've put one in.
You might want to delete and/or insert some corrections
so that I will find a matching right brace soon.
(If you're confused by all this, try typing `I}' now.)

! Missing { inserted.
<to be read again> 
                   _
l.102 if __name__ == '__
                        main__':
A left brace was mandatory here, so I've put one in.
You might want to delete and/or insert some corrections
so that I will find a matching right brace soon.
(If you're confused by all this, try typing `I}' now.)

! Missing { inserted.
<to be read again> 
                   _
l.102 if __name__ == '__main__
                              ':
A left brace was mandatory here, so I've put one in.
You might want to delete and/or insert some corrections
so that I will find a matching right brace soon.
(If you're confused by all this, try typing `I}' now.)

! Missing { inserted.
<to be read again> 
                   ^
l.102 if __name__ == '__main__'
                               :
A left brace was mandatory here, so I've put one in.
You might want to delete and/or insert some corrections
so that I will find a matching right brace soon.
(If you're confused by all this, try typing `I}' now.)

! Missing $ inserted.
<inserted text> 
                $
l.107 
      
I've inserted a begin-math/end-math symbol since I think
you left one out. Proceed, with fingers crossed.

! Missing } inserted.
<inserted text> 
                }
l.107 
      
I've inserted something that you may have forgotten.
(See the <inserted text> above.)
With luck, this will get me unwedged. But if you
really didn't forget anything, try typing `2' now; then
my insertion and my current dilemma will both disappear.

! Missing } inserted.
<inserted text> 
                }
l.107 
      
I've inserted something that you may have forgotten.
(See the <inserted text> above.)
With luck, this will get me unwedged. But if you
really didn't forget anything, try typing `2' now; then
my insertion and my current dilemma will both disappear.

! Missing } inserted.
<inserted text> 
                }
l.107 
      
I've inserted something that you may have forgotten.
(See the <inserted text> above.)
With luck, this will get me unwedged. But if you
really didn't forget anything, try typing `2' now; then
my insertion and my current dilemma will both disappear.

! Missing } inserted.
<inserted text> 
                }
l.107 
      
I've inserted something that you may have forgotten.
(See the <inserted text> above.)
With luck, this will get me unwedged. But if you
really didn't forget anything, try typing `2' now; then
my insertion and my current dilemma will both disappear.

! Missing } inserted.
<inserted text> 
                }
l.107 
      
I've inserted something that you may have forgotten.
(See the <inserted text> above.)
With luck, this will get me unwedged. But if you
really didn't forget anything, try typing `2' now; then
my insertion and my current dilemma will both disappear.


Overfull \hbox (32.0pt too wide) in paragraph at lines 102--107
[]\OT1/qcr/m/n/10 if
 []


Overfull \hbox (274.67606pt too wide) in paragraph at lines 102--107
[]$ 
 []


! LaTeX Error: \begin{document} ended by \end{lstlisting}.

See the LaTeX manual or LaTeX Companion for explanation.
Type  H <return>  for immediate help.
 ...                                              
                                                  
l.108 \end{lstlisting}
                      
Your command was ignored.
Type  I <command> <return>  to replace it with another command,
or  <return>  to continue without it.

)
! Emergency stop.
<*> ./appendix2.tex
                   
*** (job aborted, no legal \end found)

 
Here is how much of TeX's memory you used:
 100 strings out of 493328
 1450 string characters out of 3139125
 57405 words of memory out of 3000000
 3719 multiletter control sequences out of 15000+200000
 5549 words of font info for 17 fonts, out of 3000000 for 9000
 1141 hyphenation exceptions out of 8191
 18i,7n,13p,134b,89s stack positions out of 5000i,500n,10000p,200000b,50000s
!  ==> Fatal error occurred, no output PDF file produced!
