\BOOKMARK [0][-]{chapter.1}{Introduction}{}% 1
\BOOKMARK [1][-]{section.1.1}{Problem Statement}{chapter.1}% 2
\BOOKMARK [1][-]{section.1.2}{Research Questions}{chapter.1}% 3
\BOOKMARK [1][-]{section.1.3}{Organization}{chapter.1}% 4
\BOOKMARK [0][-]{chapter.2}{Background}{}% 5
\BOOKMARK [1][-]{section.2.1}{Virtualization}{chapter.2}% 6
\BOOKMARK [1][-]{section.2.2}{Virtual Machine Introspection}{chapter.2}% 7
\BOOKMARK [1][-]{section.2.3}{System Calls}{chapter.2}% 8
\BOOKMARK [1][-]{section.2.4}{Related Work}{chapter.2}% 9
\BOOKMARK [0][-]{chapter.3}{Design and Implementation of Ferify}{}% 10
\BOOKMARK [1][-]{section.3.1}{Overview}{chapter.3}% 11
\BOOKMARK [1][-]{section.3.2}{Threat Model}{chapter.3}% 12
\BOOKMARK [1][-]{section.3.3}{Requirements}{chapter.3}% 13
\BOOKMARK [1][-]{section.3.4}{Design}{chapter.3}% 14
\BOOKMARK [1][-]{section.3.5}{Implementation}{chapter.3}% 15
\BOOKMARK [1][-]{section.3.6}{Monitoring of program execution}{chapter.3}% 16
\BOOKMARK [1][-]{section.3.7}{Guest VM Configuration}{chapter.3}% 17
\BOOKMARK [0][-]{chapter.4}{Evaluation}{}% 18
\BOOKMARK [1][-]{section.4.1}{Validation}{chapter.4}% 19
\BOOKMARK [1][-]{section.4.2}{Testing}{chapter.4}% 20
\BOOKMARK [1][-]{section.4.3}{Performance overhead}{chapter.4}% 21
\BOOKMARK [0][-]{chapter.5}{Conclusion and Future Work}{}% 22
\BOOKMARK [1][-]{section.5.1}{Conclusion}{chapter.5}% 23
\BOOKMARK [1][-]{section.5.2}{Benefits of ferify}{chapter.5}% 24
\BOOKMARK [1][-]{section.5.3}{Lessons learned}{chapter.5}% 25
\BOOKMARK [1][-]{section.5.4}{Limitations}{chapter.5}% 26
\BOOKMARK [1][-]{section.5.5}{Future Work}{chapter.5}% 27
\BOOKMARK [0][-]{appendix.A}{File access test script}{}% 28
\BOOKMARK [0][-]{appendix.B}{Performace overhead test script}{}% 29
\BOOKMARK [0][-]{appendix.C}{ferify code}{}% 30
\BOOKMARK [0][-]{lstnumber.-13.2179}{List of References}{}% 31
\BOOKMARK [0][-]{appendix*.101}{Initial Distribution List}{}% 32
